[kernel] Parsing nand_mod.c (with preprocessing)
[eva] Analyzing a complete application starting at main
[eva] Computing initial state
[eva] Initial state computed
[eva:initial-state] Values of globals at initialization
  
[eva] nand_mod.c:41: Frama_C_show_each_NAND_out: {0; 1}
[eva] nand_mod.c:44: Frama_C_show_each_ABLATION_out: {1}
[eva] done for function main
[eva] ====== VALUES COMPUTED ======
[eva:final-states] Values at end of function nand3:
  acc ∈ {1; 2; 3}
[eva:final-states] Values at end of function nand7:
  acc ∈ {1; 2; 3}
[eva:final-states] Values at end of function main:
  input ∈ [--..--]
  a ∈ [--..--]
  b ∈ [--..--]
  out ∈ {0; 1}
  abl ∈ {1}
  __retres ∈ {0}
[eva:summary] ====== ANALYSIS SUMMARY ======
  ----------------------------------------------------------------------------
  3 functions analyzed (out of 3): 100% coverage.
  In these functions, 34 statements reached (out of 35): 97% coverage.
  ----------------------------------------------------------------------------
  No errors or warnings raised during the analysis.
  ----------------------------------------------------------------------------
  0 alarms generated by the analysis.
  ----------------------------------------------------------------------------
  No logical properties have been reached by the analysis.
  ----------------------------------------------------------------------------
